<?xml version="1.0" encoding="UTF-8"?>
<testsuite name="SimpleBankSystemTest" tests="1" skipped="0" failures="0" errors="0" timestamp="2022-06-24T03:47:24" hostname="LAPTOP-HPRYZEN7" time="1.059">
  <properties/>
  <testcase name="start" classname="SimpleBankSystemTest" time="1.059"/>
  <system-out><![CDATA[?[1;31m
Start test 1?[0m

1. Create an account
2. Log into account
0. Exit
> 0

By!
?[1;31m
Start test 2?[0m

1. Create an account
2. Log into account
0. Exit
> 0

By!
?[1;31m
Start test 3?[0m

1. Create an account
2. Log into account
0. Exit
> 0

By!
?[1;31m
Start test 4?[0m

1. Create an account
2. Log into account
0. Exit
> 0

By!
?[1;31m
Start test 5?[0m

1. Create an account
2. Log into account
0. Exit
> 1

Your card has been created
Your card number:
4000009231944169
Your card PIN:
8865

1. Create an account
2. Log into account
0. Exit
> 1

Your card has been created
Your card number:
4000003823363599
Your card PIN:
9222

1. Create an account
2. Log into account
0. Exit
> 1

Your card has been created
Your card number:
4000004019522162
Your card PIN:
3343

1. Create an account
2. Log into account
0. Exit
> 1

Your card has been created
Your card number:
4000007408736327
Your card PIN:
3836

1. Create an account
2. Log into account
0. Exit
> 1

Your card has been created
Your card number:
4000008374196496
Your card PIN:
4539

1. Create an account
2. Log into account
0. Exit
> 0

By!
4000009231944169
4000003823363599
4000004019522162
4000007408736327
4000008374196496
?[1;31m
Start test 6?[0m

1. Create an account
2. Log into account
0. Exit
> 1

Your card has been created
Your card number:
4000007522832085
Your card PIN:
0217

1. Create an account
2. Log into account
0. Exit
> 2

Enter your card number:
> 4000007522832085
Enter your PIN:
> 0217

You have successfully logged in!

1. Balance
2. Add income
3. Do transfer
4. Close account
5. Log out
0. Exit
> 0

By!
?[1;31m
Start test 7?[0m

1. Create an account
2. Log into account
0. Exit
> 1

Your card has been created
Your card number:
4000006615802138
Your card PIN:
2866

1. Create an account
2. Log into account
0. Exit
> 2

Enter your card number:
> 4000006615802138
Enter your PIN:
> 3468

Wrong card number or PIN!

1. Create an account
2. Log into account
0. Exit
> 0

By!
?[1;31m
Start test 8?[0m

1. Create an account
2. Log into account
0. Exit
> 1

Your card has been created
Your card number:
4000005766720248
Your card PIN:
3092

1. Create an account
2. Log into account
0. Exit
> 2

Enter your card number:
> 400000637570032
Enter your PIN:
> 3092

Wrong card number or PIN!

1. Create an account
2. Log into account
0. Exit
> 0

By!
?[1;31m
Start test 9?[0m

1. Create an account
2. Log into account
0. Exit
> 1

Your card has been created
Your card number:
4000007978878574
Your card PIN:
4843

1. Create an account
2. Log into account
0. Exit
> 2

Enter your card number:
> 4000007978878574
Enter your PIN:
> 4843

You have successfully logged in!

1. Balance
2. Add income
3. Do transfer
4. Close account
5. Log out
0. Exit
> 1

Balance: 0

1. Balance
2. Add income
3. Do transfer
4. Close account
5. Log out
0. Exit
> 0

By!
?[1;31m
Start test 10?[0m

1. Create an account
2. Log into account
0. Exit
> 1

Your card has been created
Your card number:
4000008204984558
Your card PIN:
2074

1. Create an account
2. Log into account
0. Exit
> 2

Enter your card number:
> 4000008204984558
Enter your PIN:
> 2074

You have successfully logged in!

1. Balance
2. Add income
3. Do transfer
4. Close account
5. Log out
0. Exit
> 2

Enter income:
> 10000
Income was added!

1. Balance
2. Add income
3. Do transfer
4. Close account
5. Log out
0. Exit
> 0

By!

1. Create an account
2. Log into account
0. Exit
> 2

Enter your card number:
> 4000008204984558
Enter your PIN:
> 2074

You have successfully logged in!

1. Balance
2. Add income
3. Do transfer
4. Close account
5. Log out
0. Exit
> 2

Enter income:
> 15000
Income was added!

1. Balance
2. Add income
3. Do transfer
4. Close account
5. Log out
0. Exit
> 0

By!
?[1;31m
Start test 11?[0m

1. Create an account
2. Log into account
0. Exit
> 1

Your card has been created
Your card number:
4000007065052521
Your card PIN:
5706

1. Create an account
2. Log into account
0. Exit
> 1

Your card has been created
Your card number:
4000007242244280
Your card PIN:
4686

1. Create an account
2. Log into account
0. Exit
> 2

Enter your card number:
> 4000007242244280
Enter your PIN:
> 4686

You have successfully logged in!

1. Balance
2. Add income
3. Do transfer
4. Close account
5. Log out
0. Exit
> 3

Transfer
Enter card number:
> 2000007269641764
Probably you made a mistake in the card number. Please try again!

1. Balance
2. Add income
3. Do transfer
4. Close account
5. Log out
0. Exit
> 3

Transfer
Enter card number:
> 2000007269641768
Such a card does not exist.

1. Balance
2. Add income
3. Do transfer
4. Close account
5. Log out
0. Exit
> 3

Transfer
Enter card number:
> 4000007065052521
Enter how much money you want to transfer:
> 100000
Not enough money!

1. Balance
2. Add income
3. Do transfer
4. Close account
5. Log out
0. Exit
> 2

Enter income:
> 20000
Income was added!

1. Balance
2. Add income
3. Do transfer
4. Close account
5. Log out
0. Exit
> 3

Transfer
Enter card number:
> 4000007065052521
Enter how much money you want to transfer:
> 10000
Success!

1. Balance
2. Add income
3. Do transfer
4. Close account
5. Log out
0. Exit
> 0

By!
?[1;31m
Start test 12?[0m

1. Create an account
2. Log into account
0. Exit
> 1

Your card has been created
Your card number:
4000000779086380
Your card PIN:
4514

1. Create an account
2. Log into account
0. Exit
> 2

Enter your card number:
> 4000000779086380
Enter your PIN:
> 4514

You have successfully logged in!

1. Balance
2. Add income
3. Do transfer
4. Close account
5. Log out
0. Exit
> 4

1. Create an account
2. Log into account
0. Exit
> 0

By!
]]></system-out>
  <system-err><![CDATA[java.sql.SQLException: ResultSet closed
	at org.sqlite.core.CoreResultSet.checkOpen(CoreResultSet.java:76)
	at org.sqlite.jdbc3.JDBC3ResultSet.findColumn(JDBC3ResultSet.java:39)
	at org.sqlite.jdbc3.JDBC3ResultSet.getInt(JDBC3ResultSet.java:402)
	at banking.CardService.findByNumber(CardService.java:62)
	at banking.Bank.logIntoAccount(Bank.java:135)
	at banking.Bank.ready(Bank.java:28)
	at banking.Main.main(Main.java:7)
	at java.base/jdk.internal.reflect.NativeMethodAccessorImpl.invoke0(Native Method)
	at java.base/jdk.internal.reflect.NativeMethodAccessorImpl.invoke(NativeMethodAccessorImpl.java:77)
	at java.base/jdk.internal.reflect.DelegatingMethodAccessorImpl.invoke(DelegatingMethodAccessorImpl.java:43)
	at java.base/java.lang.reflect.Method.invoke(Method.java:568)
	at org.hyperskill.hstest.testing.execution.MainMethodExecutor.invokeMain(MainMethodExecutor.java:172)
	at org.hyperskill.hstest.testing.execution.MainMethodExecutor.lambda$launch$0(MainMethodExecutor.java:199)
	at java.base/java.util.concurrent.Executors$RunnableAdapter.call(Executors.java:539)
	at java.base/java.util.concurrent.FutureTask.run(FutureTask.java:264)
	at java.base/java.util.concurrent.ThreadPoolExecutor.runWorker(ThreadPoolExecutor.java:1136)
	at java.base/java.util.concurrent.ThreadPoolExecutor$Worker.run(ThreadPoolExecutor.java:635)
	at java.base/java.lang.Thread.run(Thread.java:833)
java.sql.SQLException: ResultSet closed
	at org.sqlite.core.CoreResultSet.checkOpen(CoreResultSet.java:76)
	at org.sqlite.jdbc3.JDBC3ResultSet.findColumn(JDBC3ResultSet.java:39)
	at org.sqlite.jdbc3.JDBC3ResultSet.getInt(JDBC3ResultSet.java:402)
	at banking.CardService.findByNumber(CardService.java:62)
	at banking.Bank.doTransfer(Bank.java:184)
	at banking.Bank.ready(Bank.java:43)
	at banking.Main.main(Main.java:7)
	at java.base/jdk.internal.reflect.NativeMethodAccessorImpl.invoke0(Native Method)
	at java.base/jdk.internal.reflect.NativeMethodAccessorImpl.invoke(NativeMethodAccessorImpl.java:77)
	at java.base/jdk.internal.reflect.DelegatingMethodAccessorImpl.invoke(DelegatingMethodAccessorImpl.java:43)
	at java.base/java.lang.reflect.Method.invoke(Method.java:568)
	at org.hyperskill.hstest.testing.execution.MainMethodExecutor.invokeMain(MainMethodExecutor.java:172)
	at org.hyperskill.hstest.testing.execution.MainMethodExecutor.lambda$launch$0(MainMethodExecutor.java:199)
	at java.base/java.util.concurrent.Executors$RunnableAdapter.call(Executors.java:539)
	at java.base/java.util.concurrent.FutureTask.run(FutureTask.java:264)
	at java.base/java.util.concurrent.ThreadPoolExecutor.runWorker(ThreadPoolExecutor.java:1136)
	at java.base/java.util.concurrent.ThreadPoolExecutor$Worker.run(ThreadPoolExecutor.java:635)
	at java.base/java.lang.Thread.run(Thread.java:833)
]]></system-err>
</testsuite>
